C51 COMPILER V9.01   MAIN                                                                  05/16/2018 19:42:28 PAGE 1   


C51 COMPILER V9.01, COMPILATION OF MODULE MAIN
OBJECT MODULE PLACED IN main.OBJ
COMPILER INVOKED BY: D:\Keil\C51\BIN\C51.EXE main.c BROWSE DEBUG OBJECTEXTEND

line level    source

   1          #include "reg51.h"
   2          #include "intrins.h"
   3          typedef unsigned char u8;
   4          typedef unsigned int u16;
   5          
   6          #define led P2
   7          
   8          void delay(u16 i)
   9          {
  10   1              while (i--);
  11   1      }
  12          
  13          void main() 
  14          {       
  15   1          u8 i;
  16   1              led = 0xfe; // 1111 1110
  17   1              delay(50000);
  18   1              while (1) 
  19   1              {
  20   2                 for (i = 0; i < 7; i++) 
  21   2                 {
  22   3                       led = _crol_(led, 1);
  23   3                       delay(50000);
  24   3                 }
  25   2                 for (i = 0; i < 7; i++) 
  26   2                 {
  27   3                       led = _cror_(led, 1);
  28   3                       delay(50000);
  29   3                 } 
  30   2              }
  31   1      }


MODULE INFORMATION:   STATIC OVERLAYABLE
   CODE SIZE        =     68    ----
   CONSTANT SIZE    =   ----    ----
   XDATA SIZE       =   ----    ----
   PDATA SIZE       =   ----    ----
   DATA SIZE        =   ----    ----
   IDATA SIZE       =   ----    ----
   BIT SIZE         =   ----    ----
END OF MODULE INFORMATION.


C51 COMPILATION COMPLETE.  0 WARNING(S),  0 ERROR(S)
