C51 COMPILER V9.01   MAIN                                                                  05/16/2018 16:56:01 PAGE 1   


C51 COMPILER V9.01, COMPILATION OF MODULE MAIN
OBJECT MODULE PLACED IN main.OBJ
COMPILER INVOKED BY: D:\Keil\C51\BIN\C51.EXE main.c BROWSE DEBUG OBJECTEXTEND

line level    source

   1          #include "reg51.h"
   2          typedef unsigned char u8;
   3          typedef unsigned int u16;
   4          
   5          sbit led = P2^0;                // D1
   6          
   7          void delay(u16 i)
   8          {
   9   1              while (i--);
  10   1      }
  11          
  12          void main() 
  13          {
  14   1              while (1) 
  15   1              {
  16   2                 led = 0;
  17   2                 delay(50000);
  18   2                 led = 1;
  19   2                 delay(50000);
  20   2              }
  21   1      }


MODULE INFORMATION:   STATIC OVERLAYABLE
   CODE SIZE        =     31    ----
   CONSTANT SIZE    =   ----    ----
   XDATA SIZE       =   ----    ----
   PDATA SIZE       =   ----    ----
   DATA SIZE        =   ----    ----
   IDATA SIZE       =   ----    ----
   BIT SIZE         =   ----    ----
END OF MODULE INFORMATION.


C51 COMPILATION COMPLETE.  0 WARNING(S),  0 ERROR(S)
